Assuming unrestricted shared filesystem usage.
host: Seans-MacBook-Pro-4.local
Building DAG of jobs...
Using shell: /bin/bash
Provided cores: 1 (use --cores to define parallelism)
Rules claiming more threads will be scaled down.
Job stats:
job          count
---------  -------
all              1
analyze          1
hash_data        1
total            3

Select jobs to execute...
Execute 1 jobs...
[Sun Dec  7 21:14:22 2025]
localrule hash_data:
    input: data/raw/Food_Inspections_raw.csv, data/raw/311_Service_Requests_sanitary_raw.csv
    output: results/data_hash_manifest.csv
    jobid: 1
    reason: Missing output files: results/data_hash_manifest.csv
    resources: tmpdir=/var/folders/b7/tsn_c63j6251c6rhj_pfzq1c0000gn/T
[Sun Dec  7 21:14:24 2025]
Finished jobid: 1 (Rule: hash_data)
1 of 3 steps (33%) done
Select jobs to execute...
Execute 1 jobs...
[Sun Dec  7 21:14:24 2025]
localrule analyze:
    input: data/cleaned/food-inspections-with-311-by-zip-cleaned.csv, results/data_hash_manifest.csv
    output: results/zip_rank_by_sr_count.csv, results/zip_fail_vs_sr.csv, results/facility_type_summary.csv, results/zip_summary_for_mapping.csv, results/sensitive_zip_summary.csv, results/plots/zip_rank_by_sr_count_top15.png, results/plots/fail_rate_vs_sr_count_scatter.png, results/plots/fail_rate_vs_sr_count_scatter_labeled.png, results/plots/sensitive_zips_highlighted.png
    jobid: 2
    reason: Missing output files: results/zip_fail_vs_sr.csv, results/zip_summary_for_mapping.csv, results/facility_type_summary.csv, results/plots/sensitive_zips_highlighted.png, results/sensitive_zip_summary.csv, results/plots/fail_rate_vs_sr_count_scatter_labeled.png, results/zip_rank_by_sr_count.csv, results/plots/zip_rank_by_sr_count_top15.png, results/plots/fail_rate_vs_sr_count_scatter.png; Input files updated by another job: results/data_hash_manifest.csv
    resources: tmpdir=/var/folders/b7/tsn_c63j6251c6rhj_pfzq1c0000gn/T
[Sun Dec  7 21:14:29 2025]
Finished jobid: 2 (Rule: analyze)
2 of 3 steps (67%) done
Select jobs to execute...
Execute 1 jobs...
[Sun Dec  7 21:14:29 2025]
localrule all:
    input: results/data_hash_manifest.csv, results/zip_rank_by_sr_count.csv, results/zip_fail_vs_sr.csv, results/facility_type_summary.csv, results/zip_summary_for_mapping.csv, results/sensitive_zip_summary.csv, results/plots/zip_rank_by_sr_count_top15.png, results/plots/fail_rate_vs_sr_count_scatter.png, results/plots/fail_rate_vs_sr_count_scatter_labeled.png, results/plots/sensitive_zips_highlighted.png
    jobid: 0
    reason: Input files updated by another job: results/plots/sensitive_zips_highlighted.png, results/facility_type_summary.csv, results/plots/zip_rank_by_sr_count_top15.png, results/plots/fail_rate_vs_sr_count_scatter.png, results/zip_fail_vs_sr.csv, results/zip_summary_for_mapping.csv, results/sensitive_zip_summary.csv, results/plots/fail_rate_vs_sr_count_scatter_labeled.png, results/data_hash_manifest.csv, results/zip_rank_by_sr_count.csv
    resources: tmpdir=/var/folders/b7/tsn_c63j6251c6rhj_pfzq1c0000gn/T
[Sun Dec  7 21:14:29 2025]
Finished jobid: 0 (Rule: all)
3 of 3 steps (100%) done
Complete log(s): /Users/seanyoon/is477/.snakemake/log/2025-12-07T211422.855853.snakemake.log
