Assuming unrestricted shared filesystem usage.
host: Seans-MacBook-Pro-4.local
Building DAG of jobs...
Using shell: /bin/bash
Provided cores: 1 (use --cores to define parallelism)
Rules claiming more threads will be scaled down.
Job stats:
job        count
-------  -------
all            1
analyze        1
total          2

Select jobs to execute...
Execute 1 jobs...
[Wed Dec  3 19:44:49 2025]
localrule analyze:
    input: data/cleaned/food-inspections-with-311-by-zip-cleaned.csv
    output: results/zip_rank_by_sr_count.csv, results/zip_fail_vs_sr.csv, results/facility_type_summary.csv, results/zip_summary_for_mapping.csv, results/plots/zip_rank_by_sr_count_top15.png, results/plots/fail_rate_vs_sr_count_scatter.png, results/plots/facility_fail_rate_top.png
    jobid: 1
    reason: Missing output files: results/facility_type_summary.csv, results/plots/facility_fail_rate_top.png, results/plots/zip_rank_by_sr_count_top15.png, results/zip_summary_for_mapping.csv, results/zip_rank_by_sr_count.csv, results/plots/fail_rate_vs_sr_count_scatter.png, results/zip_fail_vs_sr.csv
    resources: tmpdir=/var/folders/b7/tsn_c63j6251c6rhj_pfzq1c0000gn/T
[Wed Dec  3 19:44:50 2025]
Finished jobid: 1 (Rule: analyze)
1 of 2 steps (50%) done
Select jobs to execute...
Execute 1 jobs...
[Wed Dec  3 19:44:50 2025]
localrule all:
    input: results/zip_rank_by_sr_count.csv, results/zip_fail_vs_sr.csv, results/facility_type_summary.csv, results/zip_summary_for_mapping.csv, results/plots/zip_rank_by_sr_count_top15.png, results/plots/fail_rate_vs_sr_count_scatter.png, results/plots/facility_fail_rate_top.png
    jobid: 0
    reason: Input files updated by another job: results/facility_type_summary.csv, results/plots/facility_fail_rate_top.png, results/plots/zip_rank_by_sr_count_top15.png, results/zip_summary_for_mapping.csv, results/zip_rank_by_sr_count.csv, results/plots/fail_rate_vs_sr_count_scatter.png, results/zip_fail_vs_sr.csv
    resources: tmpdir=/var/folders/b7/tsn_c63j6251c6rhj_pfzq1c0000gn/T
[Wed Dec  3 19:44:50 2025]
Finished jobid: 0 (Rule: all)
2 of 2 steps (100%) done
Complete log(s): /Users/seanyoon/is477/.snakemake/log/2025-12-03T194449.905522.snakemake.log
